Extracting MNIST_data/train-images-idx3-ubyte.gz
WARNING:tensorflow:From lr_sync.py:52: read_data_sets (from tensorflow.contrib.learn.python.learn.datasets.mnist) is deprecated and will be removed in a future version.
Instructions for updating:
Please use alternatives such as official/mnist/dataset.py from tensorflow/models.
WARNING:tensorflow:From /users/dporte7/.local/lib/python3.6/site-packages/tensorflow/contrib/learn/python/learn/datasets/mnist.py:260: maybe_download (from tensorflow.contrib.learn.python.learn.datasets.base) is deprecated and will be removed in a future version.
Instructions for updating:
Please write your own downloading logic.
WARNING:tensorflow:From /users/dporte7/.local/lib/python3.6/site-packages/tensorflow/contrib/learn/python/learn/datasets/mnist.py:262: extract_images (from tensorflow.contrib.learn.python.learn.datasets.mnist) is deprecated and will be removed in a future version.
Instructions for updating:
Please use tf.data to implement this functionality.
Extracting MNIST_data/train-labels-idx1-ubyte.gz
WARNING:tensorflow:From /users/dporte7/.local/lib/python3.6/site-packages/tensorflow/contrib/learn/python/learn/datasets/mnist.py:267: extract_labels (from tensorflow.contrib.learn.python.learn.datasets.mnist) is deprecated and will be removed in a future version.
Instructions for updating:
Please use tf.data to implement this functionality.
Extracting MNIST_data/t10k-images-idx3-ubyte.gz
WARNING:tensorflow:From /users/dporte7/.local/lib/python3.6/site-packages/tensorflow/contrib/learn/python/learn/datasets/mnist.py:110: dense_to_one_hot (from tensorflow.contrib.learn.python.learn.datasets.mnist) is deprecated and will be removed in a future version.
Instructions for updating:
Please use tf.one_hot on tensors.
Extracting MNIST_data/t10k-labels-idx1-ubyte.gz
WARNING:tensorflow:From /users/dporte7/.local/lib/python3.6/site-packages/tensorflow/contrib/learn/python/learn/datasets/mnist.py:290: DataSet.__init__ (from tensorflow.contrib.learn.python.learn.datasets.mnist) is deprecated and will be removed in a future version.
Instructions for updating:
Please use alternatives such as official/mnist/dataset.py from tensorflow/models.
2019-04-23 11:52:56.392768: I tensorflow/core/platform/cpu_feature_guard.cc:141] Your CPU supports instructions that this TensorFlow binary was not compiled to use: AVX2 FMA
2019-04-23 11:52:56.421412: I tensorflow/core/platform/profile_utils/cpu_utils.cc:94] CPU Frequency: 2394190000 Hz
2019-04-23 11:52:56.424151: I tensorflow/compiler/xla/service/service.cc:150] XLA service 0x1f1b4b0 executing computations on platform Host. Devices:
2019-04-23 11:52:56.424190: I tensorflow/compiler/xla/service/service.cc:158]   StreamExecutor device (0): <undefined>, <undefined>
2019-04-23 11:52:56.426898: I tensorflow/core/distributed_runtime/rpc/grpc_channel.cc:252] Initialize GrpcChannelCache for job ps -> {0 -> 10.10.1.1:3333}
2019-04-23 11:52:56.426925: I tensorflow/core/distributed_runtime/rpc/grpc_channel.cc:252] Initialize GrpcChannelCache for job worker -> {0 -> 10.10.1.1:2222, 1 -> localhost:2222}
2019-04-23 11:52:56.430879: I tensorflow/core/distributed_runtime/rpc/grpc_server_lib.cc:391] Started server with target: grpc://localhost:2222
featureCount->  784 classCount->  10
trainSize->  55000
train images: (55000, 784)
train labels: (55000, 10)
 test images: (10000, 784)
 test labels: (10000, 10)
WARNING:tensorflow:From /users/dporte7/.local/lib/python3.6/site-packages/tensorflow/python/framework/op_def_library.py:263: colocate_with (from tensorflow.python.framework.ops) is deprecated and will be removed in a future version.
Instructions for updating:
Colocations handled automatically by placer.
WARNING:tensorflow:From lr_sync.py:119: SyncReplicasOptimizer.__init__ (from tensorflow.python.training.sync_replicas_optimizer) is deprecated and will be removed in a future version.
Instructions for updating:
The `SyncReplicaOptimizer` class is deprecated. For synchrononous training, please use [Distribution Strategies](https://github.com/tensorflow/tensorflow/tree/master/tensorflow/contrib/distribute).
INFO:tensorflow:SyncReplicasV2: replicas_to_aggregate=2; total_num_replicas=2
WARNING:tensorflow:From /users/dporte7/.local/lib/python3.6/site-packages/tensorflow/python/ops/math_ops.py:3066: to_int32 (from tensorflow.python.ops.math_ops) is deprecated and will be removed in a future version.
Instructions for updating:
Use tf.cast instead.
WARNING:tensorflow:From /users/dporte7/.local/lib/python3.6/site-packages/tensorflow/python/ops/data_flow_ops.py:1294: to_int64 (from tensorflow.python.ops.math_ops) is deprecated and will be removed in a future version.
Instructions for updating:
Use tf.cast instead.
WARNING:tensorflow:From /users/dporte7/.local/lib/python3.6/site-packages/tensorflow/python/training/sync_replicas_optimizer.py:352: QueueRunner.__init__ (from tensorflow.python.training.queue_runner_impl) is deprecated and will be removed in a future version.
Instructions for updating:
To construct input pipelines, use the `tf.data` module.
INFO:tensorflow:Graph was finalized.
2019-04-23 11:52:57.658479: I tensorflow/core/distributed_runtime/master_session.cc:1192] Start master session e890497074037e00 with config: 
INFO:tensorflow:Running local_init_op.
INFO:tensorflow:Done running local_init_op.
Worker 1,  Epoch: 1 Cost: 0.9176
gs-> 1078
Worker 1,  Epoch: 2 Cost: 0.5537
gs-> 2078
Worker 1,  Epoch: 3 Cost: 0.3968
gs-> 3078
Worker 1,  Epoch: 4 Cost: 0.3133
gs-> 4078
Worker 1,  Epoch: 5 Cost: 0.2608
gs-> 5078
Worker 1,  Epoch: 6 Cost: 0.2247
gs-> 6078
Worker 1,  Epoch: 7 Cost: 0.1987
gs-> 7078
Worker 1,  Epoch: 8 Cost: 0.1794
gs-> 8078
Worker 1,  Epoch: 9 Cost: 0.4931
gs-> 9000
Traceback (most recent call last):
  File "lr_sync.py", line 153, in <module>
    _,gs,loss = mon_sess.run([optimizer,global_step,cost],feed_dict={X: batch_x, Y: batch_y})
  File "/users/dporte7/.local/lib/python3.6/site-packages/tensorflow/python/training/monitored_session.py", line 676, in run
    run_metadata=run_metadata)
  File "/users/dporte7/.local/lib/python3.6/site-packages/tensorflow/python/training/monitored_session.py", line 1171, in run
    run_metadata=run_metadata)
  File "/users/dporte7/.local/lib/python3.6/site-packages/tensorflow/python/training/monitored_session.py", line 1270, in run
    raise six.reraise(*original_exc_info)
  File "/users/dporte7/.local/lib/python3.6/site-packages/six.py", line 693, in reraise
    raise value
  File "/users/dporte7/.local/lib/python3.6/site-packages/tensorflow/python/training/monitored_session.py", line 1255, in run
    return self._sess.run(*args, **kwargs)
  File "/users/dporte7/.local/lib/python3.6/site-packages/tensorflow/python/training/monitored_session.py", line 1309, in run
    raise RuntimeError('Run called even after should_stop requested.')
RuntimeError: Run called even after should_stop requested.
