Extracting MNIST_data/train-images-idx3-ubyte.gz
WARNING:tensorflow:From lr_original.py:51: read_data_sets (from tensorflow.contrib.learn.python.learn.datasets.mnist) is deprecated and will be removed in a future version.
Instructions for updating:
Please use alternatives such as official/mnist/dataset.py from tensorflow/models.
WARNING:tensorflow:From /users/dporte7/.local/lib/python3.6/site-packages/tensorflow/contrib/learn/python/learn/datasets/mnist.py:260: maybe_download (from tensorflow.contrib.learn.python.learn.datasets.base) is deprecated and will be removed in a future version.
Instructions for updating:
Please write your own downloading logic.
WARNING:tensorflow:From /users/dporte7/.local/lib/python3.6/site-packages/tensorflow/contrib/learn/python/learn/datasets/mnist.py:262: extract_images (from tensorflow.contrib.learn.python.learn.datasets.mnist) is deprecated and will be removed in a future version.
Instructions for updating:
Please use tf.data to implement this functionality.
Extracting MNIST_data/train-labels-idx1-ubyte.gz
WARNING:tensorflow:From /users/dporte7/.local/lib/python3.6/site-packages/tensorflow/contrib/learn/python/learn/datasets/mnist.py:267: extract_labels (from tensorflow.contrib.learn.python.learn.datasets.mnist) is deprecated and will be removed in a future version.
Instructions for updating:
Please use tf.data to implement this functionality.
WARNING:tensorflow:From /users/dporte7/.local/lib/python3.6/site-packages/tensorflow/contrib/learn/python/learn/datasets/mnist.py:110: dense_to_one_hot (from tensorflow.contrib.learn.python.learn.datasets.mnist) is deprecated and will be removed in a future version.
Instructions for updating:
Please use tf.one_hot on tensors.
Extracting MNIST_data/t10k-images-idx3-ubyte.gz
Extracting MNIST_data/t10k-labels-idx1-ubyte.gz
WARNING:tensorflow:From /users/dporte7/.local/lib/python3.6/site-packages/tensorflow/contrib/learn/python/learn/datasets/mnist.py:290: DataSet.__init__ (from tensorflow.contrib.learn.python.learn.datasets.mnist) is deprecated and will be removed in a future version.
Instructions for updating:
Please use alternatives such as official/mnist/dataset.py from tensorflow/models.
2019-04-23 08:57:55.469420: I tensorflow/core/platform/cpu_feature_guard.cc:141] Your CPU supports instructions that this TensorFlow binary was not compiled to use: AVX2 FMA
2019-04-23 08:57:55.478578: I tensorflow/core/platform/profile_utils/cpu_utils.cc:94] CPU Frequency: 2394320000 Hz
2019-04-23 08:57:55.481012: I tensorflow/compiler/xla/service/service.cc:150] XLA service 0x2e692a0 executing computations on platform Host. Devices:
2019-04-23 08:57:55.481031: I tensorflow/compiler/xla/service/service.cc:158]   StreamExecutor device (0): <undefined>, <undefined>
2019-04-23 08:57:55.482664: I tensorflow/core/distributed_runtime/rpc/grpc_channel.cc:252] Initialize GrpcChannelCache for job ps -> {0 -> 10.10.1.1:3333}
2019-04-23 08:57:55.482680: I tensorflow/core/distributed_runtime/rpc/grpc_channel.cc:252] Initialize GrpcChannelCache for job worker -> {0 -> localhost:2222, 1 -> 10.10.1.2:2222}
2019-04-23 08:57:55.486078: I tensorflow/core/distributed_runtime/rpc/grpc_server_lib.cc:391] Started server with target: grpc://localhost:2222
WARNING:tensorflow:From /users/dporte7/.local/lib/python3.6/site-packages/tensorflow/python/framework/op_def_library.py:263: colocate_with (from tensorflow.python.framework.ops) is deprecated and will be removed in a future version.
Instructions for updating:
Colocations handled automatically by placer.
WARNING:tensorflow:From /users/dporte7/.local/lib/python3.6/site-packages/tensorflow/python/ops/math_ops.py:3066: to_int32 (from tensorflow.python.ops.math_ops) is deprecated and will be removed in a future version.
Instructions for updating:
Use tf.cast instead.
2019-04-23 08:57:55.576395: I tensorflow/core/distributed_runtime/master_session.cc:1192] Start master session c3d67454d42c13e9 with config: 
Worker 0,  Epoch: 1 Cost: 1.0022
Worker 0,  Epoch: 2 Cost: 0.5740
Worker 0,  Epoch: 3 Cost: 0.4464
Worker 0,  Epoch: 4 Cost: 0.3866
Worker 0,  Epoch: 5 Cost: 0.3469
Worker 0,  Epoch: 6 Cost: 0.3157
Worker 0,  Epoch: 7 Cost: 0.2901
Worker 0,  Epoch: 8 Cost: 0.2690
Worker 0,  Epoch: 9 Cost: 0.2516
Worker 0,  Epoch: 10 Cost: 0.2371
Worker 0,  Epoch: 11 Cost: 0.2250
Worker 0,  Epoch: 12 Cost: 0.2149
Worker 0,  Epoch: 13 Cost: 0.2062
Worker 0,  Epoch: 14 Cost: 0.1987
Worker 0,  Epoch: 15 Cost: 0.1922
Worker 0,  Epoch: 16 Cost: 0.1864
Worker 0,  Epoch: 17 Cost: 0.1812
Worker 0,  Epoch: 18 Cost: 0.1764
Worker 0,  Epoch: 19 Cost: 0.1721
Worker 0,  Epoch: 20 Cost: 0.1682
Accuracy: 90.01%
