Extracting MNIST_data/train-images-idx3-ubyte.gz
WARNING:tensorflow:From lr_original.py:51: read_data_sets (from tensorflow.contrib.learn.python.learn.datasets.mnist) is deprecated and will be removed in a future version.
Instructions for updating:
Please use alternatives such as official/mnist/dataset.py from tensorflow/models.
WARNING:tensorflow:From /usr/local/lib/python3.6/dist-packages/tensorflow/contrib/learn/python/learn/datasets/mnist.py:260: maybe_download (from tensorflow.contrib.learn.python.learn.datasets.base) is deprecated and will be removed in a future version.
Instructions for updating:
Please write your own downloading logic.
WARNING:tensorflow:From /usr/local/lib/python3.6/dist-packages/tensorflow/contrib/learn/python/learn/datasets/mnist.py:262: extract_images (from tensorflow.contrib.learn.python.learn.datasets.mnist) is deprecated and will be removed in a future version.
Instructions for updating:
Please use tf.data to implement this functionality.
Extracting MNIST_data/train-labels-idx1-ubyte.gz
WARNING:tensorflow:From /usr/local/lib/python3.6/dist-packages/tensorflow/contrib/learn/python/learn/datasets/mnist.py:267: extract_labels (from tensorflow.contrib.learn.python.learn.datasets.mnist) is deprecated and will be removed in a future version.
Instructions for updating:
Please use tf.data to implement this functionality.
WARNING:tensorflow:From /usr/local/lib/python3.6/dist-packages/tensorflow/contrib/learn/python/learn/datasets/mnist.py:110: dense_to_one_hot (from tensorflow.contrib.learn.python.learn.datasets.mnist) is deprecated and will be removed in a future version.
Instructions for updating:
Please use tf.one_hot on tensors.
Extracting MNIST_data/t10k-images-idx3-ubyte.gz
Extracting MNIST_data/t10k-labels-idx1-ubyte.gz
WARNING:tensorflow:From /usr/local/lib/python3.6/dist-packages/tensorflow/contrib/learn/python/learn/datasets/mnist.py:290: DataSet.__init__ (from tensorflow.contrib.learn.python.learn.datasets.mnist) is deprecated and will be removed in a future version.
Instructions for updating:
Please use alternatives such as official/mnist/dataset.py from tensorflow/models.
2019-03-14 10:55:55.975879: I tensorflow/core/platform/cpu_feature_guard.cc:141] Your CPU supports instructions that this TensorFlow binary was not compiled to use: AVX2 FMA
2019-03-14 10:55:56.006385: I tensorflow/core/platform/profile_utils/cpu_utils.cc:94] CPU Frequency: 2593575000 Hz
2019-03-14 10:55:56.009400: I tensorflow/compiler/xla/service/service.cc:150] XLA service 0x33e3650 executing computations on platform Host. Devices:
2019-03-14 10:55:56.009436: I tensorflow/compiler/xla/service/service.cc:158]   StreamExecutor device (0): <undefined>, <undefined>
2019-03-14 10:55:56.012218: I tensorflow/core/distributed_runtime/rpc/grpc_channel.cc:252] Initialize GrpcChannelCache for job ps -> {0 -> 10.10.1.1:3333}
2019-03-14 10:55:56.012244: I tensorflow/core/distributed_runtime/rpc/grpc_channel.cc:252] Initialize GrpcChannelCache for job worker -> {0 -> 10.10.1.1:2222, 1 -> localhost:2222}
2019-03-14 10:55:56.016579: I tensorflow/core/distributed_runtime/rpc/grpc_server_lib.cc:391] Started server with target: grpc://localhost:2222
featureCount->  784 classCount->  10
trainSize->  55000
train images: (55000, 784)
train labels: (55000, 10)
 test images: (10000, 784)
 test labels: (10000, 10)
WARNING:tensorflow:From /usr/local/lib/python3.6/dist-packages/tensorflow/python/framework/op_def_library.py:263: colocate_with (from tensorflow.python.framework.ops) is deprecated and will be removed in a future version.
Instructions for updating:
Colocations handled automatically by placer.
WARNING:tensorflow:From /usr/local/lib/python3.6/dist-packages/tensorflow/python/ops/math_ops.py:3066: to_int32 (from tensorflow.python.ops.math_ops) is deprecated and will be removed in a future version.
Instructions for updating:
Use tf.cast instead.
2019-03-14 10:55:56.109653: I tensorflow/core/distributed_runtime/master_session.cc:1192] Start master session 12300a770988970e with config: 
Worker 1,  Epoch: 1 Cost: 0.3424
Worker 1,  Epoch: 2 Cost: 0.2763
Worker 1,  Epoch: 3 Cost: 0.2028
Worker 1,  Epoch: 4 Cost: 0.1951
Worker 1,  Epoch: 5 Cost: 0.1756
Worker 1,  Epoch: 6 Cost: 0.1637
Worker 1,  Epoch: 7 Cost: 0.1556
Worker 1,  Epoch: 8 Cost: 0.1306
Worker 1,  Epoch: 9 Cost: 0.1212
Worker 1,  Epoch: 10 Cost: 0.1320
Worker 1,  Epoch: 11 Cost: 0.1194
Worker 1,  Epoch: 12 Cost: 0.1197
Worker 1,  Epoch: 13 Cost: 0.1086
Worker 1,  Epoch: 14 Cost: 0.1141
Worker 1,  Epoch: 15 Cost: 0.1213
Worker 1,  Epoch: 16 Cost: 0.1076
Worker 1,  Epoch: 17 Cost: 0.1002
Worker 1,  Epoch: 18 Cost: 0.0970
Worker 1,  Epoch: 19 Cost: 0.0976
Worker 1,  Epoch: 20 Cost: 0.1046
Accuracy: 91.09%
2019-03-14 10:57:07.022948: W tensorflow/core/distributed_runtime/master_session.cc:1363] Timeout for closing worker session
