WARNING:tensorflow:From lr_sync.py:52: read_data_sets (from tensorflow.contrib.learn.python.learn.datasets.mnist) is deprecated and will be removed in a future version.
Instructions for updating:
Please use alternatives such as official/mnist/dataset.py from tensorflow/models.
WARNING:tensorflow:From /usr/local/lib/python3.6/dist-packages/tensorflow/contrib/learn/python/learn/datasets/mnist.py:260: maybe_download (from tensorflow.contrib.learn.python.learn.datasets.base) is deprecated and will be removed in a future version.
Instructions for updating:
Please write your own downloading logic.
WARNING:tensorflow:From /usr/local/lib/python3.6/dist-packages/tensorflow/contrib/learn/python/learn/datasets/mnist.py:262: extract_images (from tensorflow.contrib.learn.python.learn.datasets.mnist) is deprecated and will be removed in a future version.
Instructions for updating:
Please use tf.data to implement this functionality.
Extracting MNIST_data/train-images-idx3-ubyte.gz
Extracting MNIST_data/train-labels-idx1-ubyte.gz
WARNING:tensorflow:From /usr/local/lib/python3.6/dist-packages/tensorflow/contrib/learn/python/learn/datasets/mnist.py:267: extract_labels (from tensorflow.contrib.learn.python.learn.datasets.mnist) is deprecated and will be removed in a future version.
Instructions for updating:
Please use tf.data to implement this functionality.
WARNING:tensorflow:From /usr/local/lib/python3.6/dist-packages/tensorflow/contrib/learn/python/learn/datasets/mnist.py:110: dense_to_one_hot (from tensorflow.contrib.learn.python.learn.datasets.mnist) is deprecated and will be removed in a future version.
Instructions for updating:
Please use tf.one_hot on tensors.
Extracting MNIST_data/t10k-images-idx3-ubyte.gz
Extracting MNIST_data/t10k-labels-idx1-ubyte.gz
WARNING:tensorflow:From /usr/local/lib/python3.6/dist-packages/tensorflow/contrib/learn/python/learn/datasets/mnist.py:290: DataSet.__init__ (from tensorflow.contrib.learn.python.learn.datasets.mnist) is deprecated and will be removed in a future version.
Instructions for updating:
Please use alternatives such as official/mnist/dataset.py from tensorflow/models.
2019-03-15 16:26:35.047787: I tensorflow/core/platform/cpu_feature_guard.cc:141] Your CPU supports instructions that this TensorFlow binary was not compiled to use: AVX2 FMA
2019-03-15 16:26:35.075408: I tensorflow/core/platform/profile_utils/cpu_utils.cc:94] CPU Frequency: 2593690000 Hz
2019-03-15 16:26:35.078457: I tensorflow/compiler/xla/service/service.cc:150] XLA service 0x1e40a30 executing computations on platform Host. Devices:
2019-03-15 16:26:35.078505: I tensorflow/compiler/xla/service/service.cc:158]   StreamExecutor device (0): <undefined>, <undefined>
2019-03-15 16:26:35.081496: I tensorflow/core/distributed_runtime/rpc/grpc_channel.cc:252] Initialize GrpcChannelCache for job ps -> {0 -> localhost:3333}
2019-03-15 16:26:35.081532: I tensorflow/core/distributed_runtime/rpc/grpc_channel.cc:252] Initialize GrpcChannelCache for job worker -> {0 -> 10.10.1.1:2222, 1 -> 10.10.1.2:2222}
2019-03-15 16:26:35.085873: I tensorflow/core/distributed_runtime/rpc/grpc_server_lib.cc:391] Started server with target: grpc://localhost:3333
2019-03-15 16:26:35.365207: W tensorflow/core/framework/op_kernel.cc:1401] OP_REQUIRES failed at save_restore_v2_ops.cc:184 : Invalid argument: tensor_name = global_step; expected dtype int32 does not equal original dtype int64
packet_write_wait: Connection to 128.104.222.217 port 22: Broken pipe
 <pid> [...]            send signal to every <pid> listed
 -<signal>, -s, --signal <signal>
                        specify the <signal> to be sent
 -l, --list=[<signal>]  list all signal names, or convert one to a name
 -L, --table            list all signal names in a nice table

 -h, --help     display this help and exit
 -V, --version  output version information and exit

For more details see kill(1).
kill: invalid argument u

Usage:
 kill [options] <pid> [...]

Options:
 <pid> [...]            send signal to every <pid> listed
 -<signal>, -s, --signal <signal>
                        specify the <signal> to be sent
 -l, --list=[<signal>]  list all signal names, or convert one to a name
 -L, --table            list all signal names in a nice table

 -h, --help     display this help and exit
 -V, --version  output version information and exit

For more details see kill(1).

Usage:
 kill [options] <pid> [...]

Options:
 <pid> [...]            send signal to every <pid> listed
 -<signal>, -s, --signal <signal>
                        specify the <signal> to be sent
 -l, --list=[<signal>]  list all signal names, or convert one to a name
 -L, --table            list all signal names in a nice table

 -h, --help     display this help and exit
 -V, --version  output version information and exit

For more details see kill(1).

Usage:
 kill [options] <pid> [...]

Options:
 <pid> [...]            send signal to every <pid> listed
 -<signal>, -s, --signal <signal>
                        specify the <signal> to be sent
 -l, --list=[<signal>]  list all signal names, or convert one to a name
 -L, --table            list all signal names in a nice table

 -h, --help     display this help and exit
 -V, --version  output version information and exit

For more details see kill(1).
